<?xml version="1.0" encoding="UTF-8"?>
<!-- Generated by org.testng.reporters.JUnitReportReporter -->
<testsuite skipped="0" hostname="LAPTOP-76KV8DF9" name="restAssuredProject.restAssuredProject.AppTest" tests="1" failures="0" timestamp="2020-06-19T13:30:01 IDT" time="0.003" errors="0">
  <testcase name="shouldAnswerWithTrue" time="0.003" classname="restAssuredProject.restAssuredProject.AppTest"/>
  <system-out/>
</testsuite> <!-- restAssuredProject.restAssuredProject.AppTest -->
